This is pdfTeX, Version 3.141592653-2.6-1.40.26 (TeX Live 2024) (preloaded format=79850e9fd4b2179ebb49736a643f4e7fbb060318 2024.12.27)  27 DEC 20
24 17:19
entering extended mode
 \write18 enabled.
 %&-line parsing enabled.
**adult_rudin.tex
(./adult_rudin.tex
LaTeX2e <2024-06-01> patch level 2
L3 programming layer <2024-08-30>

==============================================================================
JOB NAME         : "adult_rudin"
CUSTOMISED FORMAT: "79850e9fd4b2179ebb49736a643f4e7fbb060318"
PRELOADED FILES:
 article.cls    2024/02/08 v1.4n Standard LaTeX document class
  size11.clo    2024/02/08 v1.4n Standard LaTeX file (size option)
inputenc.sty    2024/02/08 v1.3d Input encoding file
 fontenc.sty    2021/04/29 v2.0v Standard LaTeX package
hyperref.sty    2024-07-10 v7.01j Hypertext links for LaTeX
   iftex.sty    2022/02/03 v1.0f TeX engine tests
  keyval.sty    2022/05/29 v1.15 key=value parser (DPC)
kvsetkeys.sty    2022-10-05 v1.19 Key value parser (HO)
kvdefinekeys.sty    2019-12-19 v1.6 Define keys (HO)
pdfescape.sty    2019/12/09 v1.15 Implements pdfTeX's escape features (HO)
 ltxcmds.sty    2023-12-04 v1.26 LaTeX kernel commands for general use (HO)
pdftexcmds.sty    2020-06-27 v0.33 Utility functions of pdfTeX for LuaTeX (HO)
infwarerr.sty    2019/12/03 v1.5 Providing info/warning/error messages (HO)
 hycolor.sty    2020-01-27 v1.10 Color options for hyperref/bookmark (HO)
 nameref.sty    2023-11-26 v2.56 Cross-referencing by name of section
refcount.sty    2019/12/15 v3.6 Data extraction from label references (HO)
gettitlestring.sty    2019/12/15 v1.6 Cleanup title references (HO)
kvoptions.sty    2022-06-15 v3.15 Key value format for package options (HO)
etoolbox.sty    2020/10/05 v2.5k e-TeX tools for LaTeX (JAW)
stringenc.sty    2019/11/29 v1.12 Convert strings between diff. encodings (HO)
  pd1enc.def    2024-07-10 v7.01j Hyperref: PDFDocEncoding definition (HO)
 intcalc.sty    2019/12/15 v1.3 Expandable calculations with integers (HO)
   puenc.def    2024-07-10 v7.01j Hyperref: PDF Unicode definition (HO)
     url.sty    2013/09/16  ver 3.4  Verb mode for urls, etc.
  bitset.sty    2019/12/09 v1.3 Handle bit-vector datatype (HO)
bigintcalc.sty    2019/12/15 v1.5 Expandable calculations on big integers (HO)
atbegshi-ltx.sty    2021/01/10 v1.0c Emulation of the original atbegshi
package with kernel methods
 hpdftex.def    2024-07-10 v7.01j Hyperref driver for pdfTeX
atveryend-ltx.sty    2020/08/19 v1.0a Emulation of the original atveryend packa
ge
with kernel methods
rerunfilecheck.sty    2022-07-10 v1.10 Rerun checks for auxiliary files (HO)
uniquecounter.sty    2019/12/15 v1.4 Provide unlimited unique counter (HO)
 amsmath.sty    2024/05/23 v2.17q AMS math features
 amstext.sty    2021/08/26 v2.01 AMS text
  amsgen.sty    1999/11/30 v2.0 generic functions
  amsbsy.sty    1999/11/29 v1.2d Bold Symbols
  amsopn.sty    2022/04/08 v2.04 operator names
mathrsfs.sty    1996/01/01 Math RSFS package v1.0 (jk)
csquotes.sty    2024-04-04 v5.2o context-sensitive quotations (JAW)
csquotes.def    2024-04-04 v5.2o csquotes generic definitions (JAW)
csquotes.cfg    
 amssymb.sty    2013/01/14 v3.01 AMS font symbols
amsfonts.sty    2013/01/14 v3.01 Basic AMSFonts support
    ulem.sty    2019/11/18
   ursfs.fd    1998/03/24 rsfs font definition file (jk)
    umsa.fd    2013/01/14 v3.01 AMS symbols A
    umsb.fd    2013/01/14 v3.01 AMS symbols B
  t1cmtt.fd    2023/04/13 v2.5m Standard LaTeX font definitions
  t1cmss.fd    2023/04/13 v2.5m Standard LaTeX font definitions

==============================================================================
(mylatexformat)Info: start reading document "adult_rudin"
(mylatexformat)      on input line 27. (\endofdump)
==============================================================================
Package csquotes Info: Checking for multilingual support...
Package csquotes Info: ... none found.

(/usr/local/texlive/2024/texmf-dist/tex/latex/l3backend/l3backend-pdftex.def
File: l3backend-pdftex.def 2024-05-08 L3 backend support: PDF output (pdfTeX)
\l__color_backend_stack_int=\count299
\l__pdf_internal_box=\box57
)
(./adult_rudin.aux)
\openout1 = `adult_rudin.aux'.

LaTeX Font Info:    Checking defaults for OML/cmm/m/it on input line 38.
LaTeX Font Info:    ... okay on input line 38.
LaTeX Font Info:    Checking defaults for OMS/cmsy/m/n on input line 38.
LaTeX Font Info:    ... okay on input line 38.
LaTeX Font Info:    Checking defaults for OT1/cmr/m/n on input line 38.
LaTeX Font Info:    ... okay on input line 38.
LaTeX Font Info:    Checking defaults for T1/cmr/m/n on input line 38.
LaTeX Font Info:    ... okay on input line 38.
LaTeX Font Info:    Checking defaults for TS1/cmr/m/n on input line 38.
LaTeX Font Info:    ... okay on input line 38.
LaTeX Font Info:    Checking defaults for OMX/cmex/m/n on input line 38.
LaTeX Font Info:    ... okay on input line 38.
LaTeX Font Info:    Checking defaults for U/cmr/m/n on input line 38.
LaTeX Font Info:    ... okay on input line 38.
LaTeX Font Info:    Checking defaults for PD1/pdf/m/n on input line 38.
LaTeX Font Info:    ... okay on input line 38.
LaTeX Font Info:    Checking defaults for PU/pdf/m/n on input line 38.
LaTeX Font Info:    ... okay on input line 38.
Package hyperref Info: Link coloring OFF on input line 38.
 (./adult_rudin.out) (./adult_rudin.out)
\@outlinefile=\write3
\openout3 = `adult_rudin.out'.

Package csquotes Info: Making character " active on input line 38.


LaTeX Warning: No \author given.

(./adult_rudin.toc)
\tf@toc=\write4
\openout4 = `adult_rudin.toc'.



[1{/usr/local/texlive/2024/texmf-var/fonts/map/pdftex/updmap/pdftex.map}{/usr/l
ocal/texlive/2024/texmf-dist/fonts/enc/dvips/cm-super/cm-super-t1.enc}]

[2]

[3]

[4]

[5]
LaTeX Font Info:    Trying to load font information for U+euf on input line 154
.
 (/usr/local/texlive/2024/texmf-dist/tex/latex/amsfonts/ueuf.fd
File: ueuf.fd 2013/01/14 v3.01 Euler Fraktur
)

[6]

[7{/usr/local/texlive/2024/texmf-dist/fonts/enc/dvips/cm-super/cm-super-ts1.enc
}]

[8]

[9]

[10]

[11]

! LaTeX Error: Unicode character σ (U+03C3)
               not set up for use with LaTeX.

See the LaTeX manual or LaTeX Companion for explanation.
Type  H <return>  for immediate help.
 ...                                              
                                                  
l.321 Suppose \(\mathfrak{M}\) is a σ
                                      -algebra in \(X\), and \(Y\) is a topo...

You may provide a definition with
\DeclareUnicodeCharacter 


! LaTeX Error: Unicode character σ (U+03C3)
               not set up for use with LaTeX.

See the LaTeX manual or LaTeX Companion for explanation.
Type  H <return>  for immediate help.
 ...                                              
                                                  
l.323 ...in \mathfrak M\), then \(\Omega\) is a σ
                                                  -algebra in \(Y\).
You may provide a definition with
\DeclareUnicodeCharacter 


! LaTeX Error: Unicode character σ (U+03C3)
               not set up for use with LaTeX.

See the LaTeX manual or LaTeX Companion for explanation.
Type  H <return>  for immediate help.
 ...                                              
                                                  
l.333 ...ts in \(Y\), and since \(\Omega\) is a σ
                                                  -algebra, \(\Omega\) conta...

You may provide a definition with
\DeclareUnicodeCharacter 



[12]

[13]

[14]

Package hyperref Warning: Token not allowed in a PDF string (Unicode):
(hyperref)                removing `math shift' on input line 411.


Package hyperref Warning: Token not allowed in a PDF string (Unicode):
(hyperref)                removing `\infty' on input line 411.



[15]
Overfull \hbox (12.97371pt too wide) in paragraph at lines 453--454
[]\T1/cmr/m/n/10.95 The im-age con-tains ad-di-tional math-e-mat-i-cal con-tent
 re-lated to the Lebesgue
 []



[16]

[17]

[18]

[19]

[20]

[21]

[22]

[23]

[24]

[25]

[26]

[27]

[28]

[29]

[30]

[31]

[32]

[33]

[34] (./adult_rudin.aux)
 ***********
LaTeX2e <2024-06-01> patch level 2
L3 programming layer <2024-08-30>
 ***********
Package rerunfilecheck Info: File `adult_rudin.out' has not changed.
(rerunfilecheck)             Checksum: 6381850525DD4B65CE89195450D22F9D;2159.
 ) 
Here is how much of TeX's memory you used:
 496 strings out of 463944
 9417 string characters out of 5583392
 554243 words of memory out of 5000000
 32778 multiletter control sequences out of 15000+600000
 587154 words of font info for 113 fonts, out of 8000000 for 9000
 1141 hyphenation exceptions out of 8191
 35i,13n,50p,866b,561s stack positions out of 10000i,1000n,20000p,200000b,200000s
</usr/local/texlive/2024/texmf-dist/fonts/type1/public/amsfonts/cm/cmex10.pfb
></usr/local/texlive/2024/texmf-dist/fonts/type1/public/amsfonts/cm/cmmi10.pfb>
</usr/local/texlive/2024/texmf-dist/fonts/type1/public/amsfonts/cm/cmmi12.pfb><
/usr/local/texlive/2024/texmf-dist/fonts/type1/public/amsfonts/cm/cmmi6.pfb></u
sr/local/texlive/2024/texmf-dist/fonts/type1/public/amsfonts/cm/cmmi8.pfb></usr
/local/texlive/2024/texmf-dist/fonts/type1/public/amsfonts/cm/cmmi9.pfb></usr/l
ocal/texlive/2024/texmf-dist/fonts/type1/public/amsfonts/cm/cmmib10.pfb></usr/l
ocal/texlive/2024/texmf-dist/fonts/type1/public/amsfonts/cm/cmr10.pfb></usr/loc
al/texlive/2024/texmf-dist/fonts/type1/public/amsfonts/cm/cmr12.pfb></usr/local
/texlive/2024/texmf-dist/fonts/type1/public/amsfonts/cm/cmr8.pfb></usr/local/te
xlive/2024/texmf-dist/fonts/type1/public/amsfonts/cm/cmsy10.pfb></usr/local/tex
live/2024/texmf-dist/fonts/type1/public/amsfonts/cm/cmsy8.pfb></usr/local/texli
ve/2024/texmf-dist/fonts/type1/public/amsfonts/euler/eufm10.pfb></usr/local/tex
live/2024/texmf-dist/fonts/type1/public/amsfonts/symbols/msbm10.pfb></usr/local
/texlive/2024/texmf-dist/fonts/type1/public/rsfs/rsfs10.pfb></usr/local/texlive
/2024/texmf-dist/fonts/type1/public/cm-super/sfbx1095.pfb></usr/local/texlive/2
024/texmf-dist/fonts/type1/public/cm-super/sfbx1200.pfb></usr/local/texlive/202
4/texmf-dist/fonts/type1/public/cm-super/sfbx1440.pfb></usr/local/texlive/2024/
texmf-dist/fonts/type1/public/cm-super/sfrm0600.pfb></usr/local/texlive/2024/te
xmf-dist/fonts/type1/public/cm-super/sfrm0800.pfb></usr/local/texlive/2024/texm
f-dist/fonts/type1/public/cm-super/sfrm0900.pfb></usr/local/texlive/2024/texmf-
dist/fonts/type1/public/cm-super/sfrm1095.pfb></usr/local/texlive/2024/texmf-di
st/fonts/type1/public/cm-super/sfrm1200.pfb></usr/local/texlive/2024/texmf-dist
/fonts/type1/public/cm-super/sfrm1728.pfb></usr/local/texlive/2024/texmf-dist/f
onts/type1/public/cm-super/sfti1095.pfb>
Output written on adult_rudin.pdf (34 pages, 399776 bytes).
PDF statistics:
 402 PDF objects out of 1000 (max. 8388607)
 311 compressed objects within 4 object streams
 86 named destinations out of 1000 (max. 500000)
 89 words of extra memory for PDF output out of 10000 (max. 10000000)

